<?xml version="1.0" encoding="UTF-8"?>
<!-- Generated by org.testng.reporters.JUnitXMLReporter -->
<testsuite ignored="0" hostname="DESKTOP-OH1BSKA" failures="0" tests="3" name="Test" time="32.307" errors="0" timestamp="2022-12-01T12:21:52 IST">
  <testcase classname="com.automations.testcases.Password" name="password" time="3.736"/>
  <testcase classname="com.automations.testcases.LetGoTest" name="clickOnButton" time="8.017"/>
  <testcase classname="com.automations.testcases.AttractiveOffersTest" name="Community" time="7.144"/>
</testsuite> <!-- Test -->
