<?xml version="1.0" encoding="UTF-8"?>
<testng-results ignored="0" total="2" passed="2" failed="0" skipped="0">
  <reporter-output>
  </reporter-output>
  <suite started-at="2022-12-01T01:11:37 IST" name="Suite" finished-at="2022-12-01T01:12:01 IST" duration-ms="24636">
    <groups>
    </groups>
    <test started-at="2022-12-01T01:11:37 IST" name="Test" finished-at="2022-12-01T01:12:01 IST" duration-ms="24636">
      <class name="com.automations.testcases.LetGoTest">
        <test-method is-config="true" signature="setup()[pri:0, instance:com.automations.testcases.LetGoTest@185a6e9]" started-at="2022-12-01T01:11:48 IST" name="setup" finished-at="2022-12-01T01:11:53 IST" duration-ms="5060" status="PASS">
          <reporter-output>
          </reporter-output>
        </test-method> <!-- setup -->
        <test-method signature="clickOnButton()[pri:2, instance:com.automations.testcases.LetGoTest@185a6e9]" started-at="2022-12-01T01:11:53 IST" name="clickOnButton" finished-at="2022-12-01T01:12:01 IST" duration-ms="8358" status="PASS">
          <reporter-output>
          </reporter-output>
        </test-method> <!-- clickOnButton -->
        <test-method is-config="true" signature="teardown()[pri:0, instance:com.automations.testcases.LetGoTest@185a6e9]" started-at="2022-12-01T01:12:01 IST" name="teardown" finished-at="2022-12-01T01:12:01 IST" duration-ms="179" status="PASS">
          <reporter-output>
          </reporter-output>
        </test-method> <!-- teardown -->
        <test-method is-config="true" signature="TearDown()[pri:0, instance:com.automations.testcases.LetGoTest@185a6e9]" started-at="2022-12-01T01:12:01 IST" name="TearDown" finished-at="2022-12-01T01:12:01 IST" duration-ms="0" status="PASS">
          <reporter-output>
          </reporter-output>
        </test-method> <!-- TearDown -->
      </class> <!-- com.automations.testcases.LetGoTest -->
      <class name="com.automations.testcases.Password">
        <test-method is-config="true" signature="setup()[pri:0, instance:com.automations.testcases.Password@6743e411]" started-at="2022-12-01T01:11:37 IST" name="setup" finished-at="2022-12-01T01:11:43 IST" duration-ms="6538" status="PASS">
          <reporter-output>
          </reporter-output>
        </test-method> <!-- setup -->
        <test-method signature="password()[pri:1, instance:com.automations.testcases.Password@6743e411]" started-at="2022-12-01T01:11:43 IST" name="password" finished-at="2022-12-01T01:11:47 IST" duration-ms="4223" status="PASS">
          <reporter-output>
          </reporter-output>
        </test-method> <!-- password -->
        <test-method is-config="true" signature="teardown()[pri:0, instance:com.automations.testcases.Password@6743e411]" started-at="2022-12-01T01:11:47 IST" name="teardown" finished-at="2022-12-01T01:11:48 IST" duration-ms="204" status="PASS">
          <reporter-output>
          </reporter-output>
        </test-method> <!-- teardown -->
        <test-method is-config="true" signature="TearDown()[pri:0, instance:com.automations.testcases.Password@6743e411]" started-at="2022-12-01T01:11:48 IST" name="TearDown" finished-at="2022-12-01T01:11:48 IST" duration-ms="1" status="PASS">
          <reporter-output>
          </reporter-output>
        </test-method> <!-- TearDown -->
      </class> <!-- com.automations.testcases.Password -->
    </test> <!-- Test -->
  </suite> <!-- Suite -->
</testng-results>
