<?xml version="1.0" encoding="UTF-8"?>
<testng-results ignored="0" total="2" passed="2" failed="0" skipped="0">
  <reporter-output>
  </reporter-output>
  <suite started-at="2022-11-29T12:26:53 IST" name="Suite" finished-at="2022-11-29T12:27:15 IST" duration-ms="22054">
    <groups>
    </groups>
    <test started-at="2022-11-29T12:26:53 IST" name="Test" finished-at="2022-11-29T12:27:15 IST" duration-ms="22054">
      <class name="com.automations.testcases.LetGoTest">
        <test-method is-config="true" signature="setup()[pri:0, instance:com.automations.testcases.LetGoTest@63070bab]" started-at="2022-11-29T12:27:03 IST" name="setup" finished-at="2022-11-29T12:27:07 IST" duration-ms="3511" status="PASS">
          <reporter-output>
          </reporter-output>
        </test-method> <!-- setup -->
        <test-method signature="clickOnButton()[pri:0, instance:com.automations.testcases.LetGoTest@63070bab]" started-at="2022-11-29T12:27:07 IST" name="clickOnButton" finished-at="2022-11-29T12:27:15 IST" duration-ms="8112" status="PASS">
          <reporter-output>
          </reporter-output>
        </test-method> <!-- clickOnButton -->
        <test-method is-config="true" signature="teardown()[pri:0, instance:com.automations.testcases.LetGoTest@63070bab]" started-at="2022-11-29T12:27:15 IST" name="teardown" finished-at="2022-11-29T12:27:15 IST" duration-ms="197" status="PASS">
          <reporter-output>
          </reporter-output>
        </test-method> <!-- teardown -->
        <test-method is-config="true" signature="TearDown()[pri:0, instance:com.automations.testcases.LetGoTest@63070bab]" started-at="2022-11-29T12:27:15 IST" name="TearDown" finished-at="2022-11-29T12:27:15 IST" duration-ms="1" status="PASS">
          <reporter-output>
          </reporter-output>
        </test-method> <!-- TearDown -->
      </class> <!-- com.automations.testcases.LetGoTest -->
      <class name="com.automations.testcases.Password">
        <test-method is-config="true" signature="setup()[pri:0, instance:com.automations.testcases.Password@37883b97]" started-at="2022-11-29T12:26:53 IST" name="setup" finished-at="2022-11-29T12:26:59 IST" duration-ms="5535" status="PASS">
          <reporter-output>
          </reporter-output>
        </test-method> <!-- setup -->
        <test-method signature="password()[pri:1, instance:com.automations.testcases.Password@37883b97]" started-at="2022-11-29T12:26:59 IST" name="password" finished-at="2022-11-29T12:27:03 IST" duration-ms="4452" status="PASS">
          <reporter-output>
          </reporter-output>
        </test-method> <!-- password -->
        <test-method is-config="true" signature="teardown()[pri:0, instance:com.automations.testcases.Password@37883b97]" started-at="2022-11-29T12:27:03 IST" name="teardown" finished-at="2022-11-29T12:27:03 IST" duration-ms="194" status="PASS">
          <reporter-output>
          </reporter-output>
        </test-method> <!-- teardown -->
        <test-method is-config="true" signature="TearDown()[pri:0, instance:com.automations.testcases.Password@37883b97]" started-at="2022-11-29T12:27:03 IST" name="TearDown" finished-at="2022-11-29T12:27:03 IST" duration-ms="1" status="PASS">
          <reporter-output>
          </reporter-output>
        </test-method> <!-- TearDown -->
      </class> <!-- com.automations.testcases.Password -->
    </test> <!-- Test -->
  </suite> <!-- Suite -->
</testng-results>
